<?xml version="1.0" encoding="UTF-8"?>
<!-- Generated by org.testng.reporters.JUnitReportReporter -->
<testsuite hostname="Ananyaa" failures="0" tests="1" name="com.example.classnine.task4" time="11.727" errors="0" timestamp="2023-05-02T12:44:35 IST" skipped="0">
  <testcase classname="com.example.classnine.task4" name="tc_001" time="11.727"/>
  <system-out/>
</testsuite> <!-- com.example.classnine.task4 -->
